2015-05-11 12:28:15,972 Started update_db_every_seconds()
2015-05-11 12:28:16,121 Starting new HTTP connection (1): api.legiscan.com
2015-05-11 12:28:16,216 "GET /?state=AL&key=ff6da19238f87945db1c0dd5d6bc1674&op=getMasterList HTTP/1.1" 301 251
2015-05-11 12:28:16,221 Starting new HTTPS connection (1): api.legiscan.com
2015-05-11 12:28:16,549 "GET /?state=AL&key=ff6da19238f87945db1c0dd5d6bc1674&op=getMasterList HTTP/1.1" 200 None
2015-05-11 12:29:52,247 Started update_db_every_seconds()
2015-05-11 12:29:52,307 Starting new HTTP connection (1): api.legiscan.com
2015-05-11 12:29:52,339 "GET /?state=AL&key=ff6da19238f87945db1c0dd5d6bc1674&op=getMasterList HTTP/1.1" 301 251
2015-05-11 12:29:52,342 Starting new HTTPS connection (1): api.legiscan.com
2015-05-11 12:29:52,556 "GET /?state=AL&key=ff6da19238f87945db1c0dd5d6bc1674&op=getMasterList HTTP/1.1" 200 None
2015-05-11 12:31:12,623 Started update_db_every_seconds()
2015-05-11 14:54:46,289 Started update_db_every_seconds()
2015-05-11 14:54:46,362 Starting new HTTP connection (1): api.legiscan.com
2015-05-11 14:54:46,582 "GET /?state=AL&key=ff6da19238f87945db1c0dd5d6bc1674&op=getMasterList HTTP/1.1" 301 251
2015-05-11 14:54:46,594 Starting new HTTPS connection (1): api.legiscan.com
2015-05-11 14:54:46,825 "GET /?state=AL&key=ff6da19238f87945db1c0dd5d6bc1674&op=getMasterList HTTP/1.1" 200 None
2015-05-11 14:55:14,548 Started update_db_every_seconds()
2015-05-11 14:55:14,589 Starting new HTTP connection (1): api.legiscan.com
2015-05-11 14:55:14,627 "GET /?state=AL&key=ff6da19238f87945db1c0dd5d6bc1674&op=getMasterList HTTP/1.1" 301 251
2015-05-11 14:55:14,631 Starting new HTTPS connection (1): api.legiscan.com
2015-05-11 14:55:14,879 "GET /?state=AL&key=ff6da19238f87945db1c0dd5d6bc1674&op=getMasterList HTTP/1.1" 200 None
2015-05-11 14:55:50,524 Started update_db_every_seconds()
2015-05-11 14:55:50,560 Starting new HTTP connection (1): api.legiscan.com
2015-05-11 14:55:50,593 "GET /?state=AL&key=ff6da19238f87945db1c0dd5d6bc1674&op=getMasterList HTTP/1.1" 301 251
2015-05-11 14:55:50,597 Starting new HTTPS connection (1): api.legiscan.com
2015-05-11 14:55:50,770 "GET /?state=AL&key=ff6da19238f87945db1c0dd5d6bc1674&op=getMasterList HTTP/1.1" 200 None
2015-05-11 15:01:39,821 Started update_db_every_seconds()
2015-05-11 15:01:39,875 Starting new HTTP connection (1): api.legiscan.com
2015-05-11 15:01:39,987 "GET /?state=AL&key=ff6da19238f87945db1c0dd5d6bc1674&op=getMasterList HTTP/1.1" 301 251
2015-05-11 15:01:39,999 Starting new HTTPS connection (1): api.legiscan.com
2015-05-11 15:01:40,191 "GET /?state=AL&key=ff6da19238f87945db1c0dd5d6bc1674&op=getMasterList HTTP/1.1" 200 None
2015-05-11 15:03:19,993 Started update_db_every_seconds()
2015-05-11 15:03:20,041 Starting new HTTP connection (1): api.legiscan.com
2015-05-11 15:03:20,072 "GET /?state=AL&key=ff6da19238f87945db1c0dd5d6bc1674&op=getMasterList HTTP/1.1" 301 251
2015-05-11 15:03:20,077 Starting new HTTPS connection (1): api.legiscan.com
2015-05-11 15:03:20,246 "GET /?state=AL&key=ff6da19238f87945db1c0dd5d6bc1674&op=getMasterList HTTP/1.1" 200 None
2015-05-11 15:05:02,288 Started update_db_every_seconds()
2015-05-11 15:05:02,339 Starting new HTTP connection (1): api.legiscan.com
2015-05-11 15:05:02,407 "GET /?state=AL&key=ff6da19238f87945db1c0dd5d6bc1674&op=getMasterList HTTP/1.1" 301 251
2015-05-11 15:05:02,411 Starting new HTTPS connection (1): api.legiscan.com
2015-05-11 15:05:02,594 "GET /?state=AL&key=ff6da19238f87945db1c0dd5d6bc1674&op=getMasterList HTTP/1.1" 200 None
2015-05-11 15:14:13,011 Started update_db_every_seconds()
2015-05-11 15:14:13,069 Starting new HTTP connection (1): api.legiscan.com
2015-05-11 15:14:13,148 "GET /?state=AL&key=ff6da19238f87945db1c0dd5d6bc1674&op=getMasterList HTTP/1.1" 301 251
2015-05-11 15:14:13,151 Starting new HTTPS connection (1): api.legiscan.com
2015-05-11 15:14:13,352 "GET /?state=AL&key=ff6da19238f87945db1c0dd5d6bc1674&op=getMasterList HTTP/1.1" 200 None
2015-05-11 15:25:05,889 Started update_db_every_seconds()
2015-05-11 15:25:05,946 Starting new HTTP connection (1): api.legiscan.com
2015-05-11 15:25:05,999 "GET /?state=AL&key=ff6da19238f87945db1c0dd5d6bc1674&op=getMasterList HTTP/1.1" 301 251
2015-05-11 15:25:06,003 Starting new HTTPS connection (1): api.legiscan.com
2015-05-11 15:25:06,175 "GET /?state=AL&key=ff6da19238f87945db1c0dd5d6bc1674&op=getMasterList HTTP/1.1" 200 None
2015-05-11 15:27:03,107 Started update_db_every_seconds()
2015-05-11 15:27:03,156 Starting new HTTP connection (1): api.legiscan.com
2015-05-11 15:27:03,187 "GET /?state=AL&key=ff6da19238f87945db1c0dd5d6bc1674&op=getMasterList HTTP/1.1" 301 251
2015-05-11 15:27:03,190 Starting new HTTPS connection (1): api.legiscan.com
2015-05-11 15:27:03,360 "GET /?state=AL&key=ff6da19238f87945db1c0dd5d6bc1674&op=getMasterList HTTP/1.1" 200 None
2015-05-11 15:28:30,140 Started update_db_every_seconds()
2015-05-11 15:28:30,178 Starting new HTTP connection (1): api.legiscan.com
2015-05-11 15:28:30,228 "GET /?state=AL&key=ff6da19238f87945db1c0dd5d6bc1674&op=getMasterList HTTP/1.1" 301 251
2015-05-11 15:28:30,231 Starting new HTTPS connection (1): api.legiscan.com
2015-05-11 15:28:30,469 "GET /?state=AL&key=ff6da19238f87945db1c0dd5d6bc1674&op=getMasterList HTTP/1.1" 200 None
2015-05-11 15:30:25,094 Started update_db_every_seconds()
2015-05-11 15:30:25,148 Starting new HTTP connection (1): api.legiscan.com
2015-05-11 15:30:25,180 "GET /?state=AL&key=ff6da19238f87945db1c0dd5d6bc1674&op=getMasterList HTTP/1.1" 301 251
2015-05-11 15:30:25,183 Starting new HTTPS connection (1): api.legiscan.com
2015-05-11 15:30:25,406 "GET /?state=AL&key=ff6da19238f87945db1c0dd5d6bc1674&op=getMasterList HTTP/1.1" 200 None
2015-05-11 15:30:42,063 Started update_db_every_seconds()
2015-05-11 15:30:42,099 Starting new HTTP connection (1): api.legiscan.com
2015-05-11 15:30:42,170 "GET /?state=AL&key=ff6da19238f87945db1c0dd5d6bc1674&op=getMasterList HTTP/1.1" 301 251
2015-05-11 15:30:42,173 Starting new HTTPS connection (1): api.legiscan.com
2015-05-11 15:30:42,355 "GET /?state=AL&key=ff6da19238f87945db1c0dd5d6bc1674&op=getMasterList HTTP/1.1" 200 None
2015-05-11 15:33:58,165 Started update_db_every_seconds()
2015-05-11 15:33:58,215 Starting new HTTP connection (1): api.legiscan.com
2015-05-11 15:33:58,257 "GET /?state=AL&key=ff6da19238f87945db1c0dd5d6bc1674&op=getMasterList HTTP/1.1" 301 251
2015-05-11 15:33:58,260 Starting new HTTPS connection (1): api.legiscan.com
2015-05-11 15:33:58,438 "GET /?state=AL&key=ff6da19238f87945db1c0dd5d6bc1674&op=getMasterList HTTP/1.1" 200 None
2015-05-11 15:34:23,326 Started update_db_every_seconds()
2015-05-11 15:34:23,353 Starting new HTTP connection (1): api.legiscan.com
2015-05-11 15:34:23,382 "GET /?state=AL&key=ff6da19238f87945db1c0dd5d6bc1674&op=getMasterList HTTP/1.1" 301 251
2015-05-11 15:34:23,384 Starting new HTTPS connection (1): api.legiscan.com
2015-05-11 15:34:23,568 "GET /?state=AL&key=ff6da19238f87945db1c0dd5d6bc1674&op=getMasterList HTTP/1.1" 200 None
2015-05-11 15:51:50,510 Started update_db_every_seconds()
2015-05-11 15:51:50,575 Starting new HTTP connection (1): api.legiscan.com
2015-05-11 15:51:50,639 "GET /?state=AL&key=ff6da19238f87945db1c0dd5d6bc1674&op=getMasterList HTTP/1.1" 301 251
2015-05-11 15:51:50,644 Starting new HTTPS connection (1): api.legiscan.com
2015-05-11 15:51:50,863 "GET /?state=AL&key=ff6da19238f87945db1c0dd5d6bc1674&op=getMasterList HTTP/1.1" 200 None
2015-05-11 15:52:56,861 Started update_db_every_seconds()
2015-05-11 15:52:56,919 Starting new HTTP connection (1): api.legiscan.com
2015-05-11 15:52:56,952 "GET /?state=AL&key=ff6da19238f87945db1c0dd5d6bc1674&op=getMasterList HTTP/1.1" 301 251
2015-05-11 15:52:56,955 Starting new HTTPS connection (1): api.legiscan.com
2015-05-11 15:52:57,182 "GET /?state=AL&key=ff6da19238f87945db1c0dd5d6bc1674&op=getMasterList HTTP/1.1" 200 None
2015-05-11 15:56:06,979 Started update_db_every_seconds()
2015-05-11 15:56:07,059 Starting new HTTP connection (1): api.legiscan.com
2015-05-11 15:56:07,449 "GET /?state=AL&key=ff6da19238f87945db1c0dd5d6bc1674&op=getMasterList HTTP/1.1" 301 251
2015-05-11 15:56:07,453 Starting new HTTPS connection (1): api.legiscan.com
2015-05-11 15:56:08,170 "GET /?state=AL&key=ff6da19238f87945db1c0dd5d6bc1674&op=getMasterList HTTP/1.1" 200 None
